<?xml version="1.0" encoding="UTF-8" ?>
<testsuite tests="1" failures="0" name="hu.ppke.itk.TestDataManager" time="1.524" errors="1" skipped="0">
  <properties>
    <property name="java.runtime.name" value="Java(TM) SE Runtime Environment"/>
    <property name="sun.boot.library.path" value="/Library/Java/JavaVirtualMachines/jdk1.8.0_131.jdk/Contents/Home/jre/lib"/>
    <property name="java.vm.version" value="25.131-b11"/>
    <property name="user.country.format" value="HU"/>
    <property name="gopherProxySet" value="false"/>
    <property name="java.vm.vendor" value="Oracle Corporation"/>
    <property name="maven.multiModuleProjectDirectory" value="/Users/faragojanos/Documents/workspace/spring/payment/payment-dao"/>
    <property name="java.vendor.url" value="http://java.oracle.com/"/>
    <property name="path.separator" value=":"/>
    <property name="guice.disable.misplaced.annotation.check" value="true"/>
    <property name="java.vm.name" value="Java HotSpot(TM) 64-Bit Server VM"/>
    <property name="file.encoding.pkg" value="sun.io"/>
    <property name="user.country" value="US"/>
    <property name="sun.java.launcher" value="SUN_STANDARD"/>
    <property name="sun.os.patch.level" value="unknown"/>
    <property name="java.vm.specification.name" value="Java Virtual Machine Specification"/>
    <property name="user.dir" value="/Users/faragojanos/Documents/workspace/spring/payment/payment-dao"/>
    <property name="java.runtime.version" value="1.8.0_131-b11"/>
    <property name="java.awt.graphicsenv" value="sun.awt.CGraphicsEnvironment"/>
    <property name="java.endorsed.dirs" value="/Library/Java/JavaVirtualMachines/jdk1.8.0_131.jdk/Contents/Home/jre/lib/endorsed"/>
    <property name="os.arch" value="x86_64"/>
    <property name="java.io.tmpdir" value="/var/folders/8c/0w9lwddn3mx35j6rt8g8jvd40000gn/T/"/>
    <property name="line.separator" value="
"/>
    <property name="java.vm.specification.vendor" value="Oracle Corporation"/>
    <property name="os.name" value="Mac OS X"/>
    <property name="classworlds.conf" value="/Users/faragojanos/Documents/workspace/spring/.metadata/.plugins/org.eclipse.m2e.launching/launches/m2conf8257942901552917095.tmp"/>
    <property name="sun.jnu.encoding" value="UTF-8"/>
    <property name="java.library.path" value="/Users/faragojanos/Library/Java/Extensions:/Library/Java/Extensions:/Network/Library/Java/Extensions:/System/Library/Java/Extensions:/usr/lib/java:."/>
    <property name="java.specification.name" value="Java Platform API Specification"/>
    <property name="java.class.version" value="52.0"/>
    <property name="sun.management.compiler" value="HotSpot 64-Bit Tiered Compilers"/>
    <property name="os.version" value="10.12.6"/>
    <property name="http.nonProxyHosts" value="local|*.local|169.254/16|*.169.254/16"/>
    <property name="user.home" value="/Users/faragojanos"/>
    <property name="user.timezone" value="Europe/Budapest"/>
    <property name="java.awt.printerjob" value="sun.lwawt.macosx.CPrinterJob"/>
    <property name="java.specification.version" value="1.8"/>
    <property name="file.encoding" value="UTF-8"/>
    <property name="user.name" value="faragojanos"/>
    <property name="java.class.path" value="/Applications/STS.app/Contents/Eclipse/plugins/org.eclipse.m2e.maven.runtime_1.8.2.20171007-0216/jars/plexus-classworlds-2.5.2.jar"/>
    <property name="java.vm.specification.version" value="1.8"/>
    <property name="sun.arch.data.model" value="64"/>
    <property name="java.home" value="/Library/Java/JavaVirtualMachines/jdk1.8.0_131.jdk/Contents/Home/jre"/>
    <property name="sun.java.command" value="org.codehaus.plexus.classworlds.launcher.Launcher -B clean install"/>
    <property name="java.specification.vendor" value="Oracle Corporation"/>
    <property name="user.language" value="en"/>
    <property name="awt.toolkit" value="sun.lwawt.macosx.LWCToolkit"/>
    <property name="java.vm.info" value="mixed mode"/>
    <property name="java.version" value="1.8.0_131"/>
    <property name="java.ext.dirs" value="/Users/faragojanos/Library/Java/Extensions:/Library/Java/JavaVirtualMachines/jdk1.8.0_131.jdk/Contents/Home/jre/lib/ext:/Library/Java/Extensions:/Network/Library/Java/Extensions:/System/Library/Java/Extensions:/usr/lib/java"/>
    <property name="sun.boot.class.path" value="/Library/Java/JavaVirtualMachines/jdk1.8.0_131.jdk/Contents/Home/jre/lib/resources.jar:/Library/Java/JavaVirtualMachines/jdk1.8.0_131.jdk/Contents/Home/jre/lib/rt.jar:/Library/Java/JavaVirtualMachines/jdk1.8.0_131.jdk/Contents/Home/jre/lib/sunrsasign.jar:/Library/Java/JavaVirtualMachines/jdk1.8.0_131.jdk/Contents/Home/jre/lib/jsse.jar:/Library/Java/JavaVirtualMachines/jdk1.8.0_131.jdk/Contents/Home/jre/lib/jce.jar:/Library/Java/JavaVirtualMachines/jdk1.8.0_131.jdk/Contents/Home/jre/lib/charsets.jar:/Library/Java/JavaVirtualMachines/jdk1.8.0_131.jdk/Contents/Home/jre/lib/jfr.jar:/Library/Java/JavaVirtualMachines/jdk1.8.0_131.jdk/Contents/Home/jre/classes"/>
    <property name="java.vendor" value="Oracle Corporation"/>
    <property name="maven.home" value="/Users/faragojanos/Documents/workspace/spring/payment/payment-dao/EMBEDDED"/>
    <property name="file.separator" value="/"/>
    <property name="java.vendor.url.bug" value="http://bugreport.sun.com/bugreport/"/>
    <property name="sun.cpu.endian" value="little"/>
    <property name="sun.io.unicode.encoding" value="UnicodeBig"/>
    <property name="socksNonProxyHosts" value="local|*.local|169.254/16|*.169.254/16"/>
    <property name="ftp.nonProxyHosts" value="local|*.local|169.254/16|*.169.254/16"/>
    <property name="sun.cpu.isalist" value=""/>
  </properties>
  <testcase classname="hu.ppke.itk.TestDataManager" name="test" time="1.524">
    <error message="Cannot open connection" type="org.hibernate.exception.JDBCConnectionException">org.hibernate.exception.JDBCConnectionException: Cannot open connection
	at org.hibernate.exception.SQLStateConverter.convert(SQLStateConverter.java:74)
	at org.hibernate.exception.JDBCExceptionHelper.convert(JDBCExceptionHelper.java:43)
	at org.hibernate.exception.JDBCExceptionHelper.convert(JDBCExceptionHelper.java:29)
	at org.hibernate.jdbc.ConnectionManager.openConnection(ConnectionManager.java:420)
	at org.hibernate.jdbc.ConnectionManager.getConnection(ConnectionManager.java:144)
	at org.hibernate.jdbc.JDBCContext.connection(JDBCContext.java:119)
	at org.hibernate.transaction.JDBCTransaction.begin(JDBCTransaction.java:57)
	at org.hibernate.impl.SessionImpl.beginTransaction(SessionImpl.java:1326)
	at hu.ppke.itk.dao.PaymentTransactionDaoImpl.save(PaymentTransactionDaoImpl.java:23)
	at hu.ppke.itk.dao.DataManager.insertTransaction(DataManager.java:35)
	at hu.ppke.itk.TestDataManager.test(TestDataManager.java:51)
	at sun.reflect.NativeMethodAccessorImpl.invoke0(Native Method)
	at sun.reflect.NativeMethodAccessorImpl.invoke(NativeMethodAccessorImpl.java:62)
	at sun.reflect.DelegatingMethodAccessorImpl.invoke(DelegatingMethodAccessorImpl.java:43)
	at java.lang.reflect.Method.invoke(Method.java:498)
	at org.junit.runners.model.FrameworkMethod$1.runReflectiveCall(FrameworkMethod.java:44)
	at org.junit.internal.runners.model.ReflectiveCallable.run(ReflectiveCallable.java:15)
	at org.junit.runners.model.FrameworkMethod.invokeExplosively(FrameworkMethod.java:41)
	at org.junit.internal.runners.statements.InvokeMethod.evaluate(InvokeMethod.java:20)
	at org.junit.runners.BlockJUnit4ClassRunner.runChild(BlockJUnit4ClassRunner.java:76)
	at org.junit.runners.BlockJUnit4ClassRunner.runChild(BlockJUnit4ClassRunner.java:50)
	at org.junit.runners.ParentRunner$3.run(ParentRunner.java:193)
	at org.junit.runners.ParentRunner$1.schedule(ParentRunner.java:52)
	at org.junit.runners.ParentRunner.runChildren(ParentRunner.java:191)
	at org.junit.runners.ParentRunner.access$000(ParentRunner.java:42)
	at org.junit.runners.ParentRunner$2.evaluate(ParentRunner.java:184)
	at org.junit.runners.ParentRunner.run(ParentRunner.java:236)
	at org.apache.maven.surefire.junit4.JUnit4Provider.execute(JUnit4Provider.java:252)
	at org.apache.maven.surefire.junit4.JUnit4Provider.executeTestSet(JUnit4Provider.java:141)
	at org.apache.maven.surefire.junit4.JUnit4Provider.invoke(JUnit4Provider.java:112)
	at sun.reflect.NativeMethodAccessorImpl.invoke0(Native Method)
	at sun.reflect.NativeMethodAccessorImpl.invoke(NativeMethodAccessorImpl.java:62)
	at sun.reflect.DelegatingMethodAccessorImpl.invoke(DelegatingMethodAccessorImpl.java:43)
	at java.lang.reflect.Method.invoke(Method.java:498)
	at org.apache.maven.surefire.util.ReflectionUtils.invokeMethodWithArray(ReflectionUtils.java:189)
	at org.apache.maven.surefire.booter.ProviderFactory$ProviderProxy.invoke(ProviderFactory.java:165)
	at org.apache.maven.surefire.booter.ProviderFactory.invokeProvider(ProviderFactory.java:85)
	at org.apache.maven.surefire.booter.ForkedBooter.runSuitesInProcess(ForkedBooter.java:115)
	at org.apache.maven.surefire.booter.ForkedBooter.main(ForkedBooter.java:75)
Caused by: com.mysql.jdbc.exceptions.jdbc4.CommunicationsException: Communications link failure

The last packet sent successfully to the server was 0 milliseconds ago. The driver has not received any packets from the server.
	at sun.reflect.NativeConstructorAccessorImpl.newInstance0(Native Method)
	at sun.reflect.NativeConstructorAccessorImpl.newInstance(NativeConstructorAccessorImpl.java:62)
	at sun.reflect.DelegatingConstructorAccessorImpl.newInstance(DelegatingConstructorAccessorImpl.java:45)
	at java.lang.reflect.Constructor.newInstance(Constructor.java:423)
	at com.mysql.jdbc.Util.handleNewInstance(Util.java:406)
	at com.mysql.jdbc.SQLError.createCommunicationsException(SQLError.java:1074)
	at com.mysql.jdbc.ConnectionImpl.createNewIO(ConnectionImpl.java:2209)
	at com.mysql.jdbc.ConnectionImpl.&lt;init&gt;(ConnectionImpl.java:776)
	at com.mysql.jdbc.JDBC4Connection.&lt;init&gt;(JDBC4Connection.java:46)
	at sun.reflect.NativeConstructorAccessorImpl.newInstance0(Native Method)
	at sun.reflect.NativeConstructorAccessorImpl.newInstance(NativeConstructorAccessorImpl.java:62)
	at sun.reflect.DelegatingConstructorAccessorImpl.newInstance(DelegatingConstructorAccessorImpl.java:45)
	at java.lang.reflect.Constructor.newInstance(Constructor.java:423)
	at com.mysql.jdbc.Util.handleNewInstance(Util.java:406)
	at com.mysql.jdbc.ConnectionImpl.getInstance(ConnectionImpl.java:352)
	at com.mysql.jdbc.NonRegisteringDriver.connect(NonRegisteringDriver.java:284)
	at java.sql.DriverManager.getConnection(DriverManager.java:664)
	at java.sql.DriverManager.getConnection(DriverManager.java:208)
	at org.springframework.jdbc.datasource.DriverManagerDataSource.getConnectionFromDriverManager(DriverManagerDataSource.java:153)
	at org.springframework.jdbc.datasource.DriverManagerDataSource.getConnectionFromDriver(DriverManagerDataSource.java:144)
	at org.springframework.jdbc.datasource.AbstractDriverBasedDataSource.getConnectionFromDriver(AbstractDriverBasedDataSource.java:155)
	at org.springframework.jdbc.datasource.AbstractDriverBasedDataSource.getConnection(AbstractDriverBasedDataSource.java:120)
	at org.springframework.orm.hibernate3.LocalDataSourceConnectionProvider.getConnection(LocalDataSourceConnectionProvider.java:83)
	at org.hibernate.jdbc.ConnectionManager.openConnection(ConnectionManager.java:417)
	... 35 more
Caused by: com.mysql.jdbc.exceptions.jdbc4.CommunicationsException: Communications link failure

The last packet sent successfully to the server was 0 milliseconds ago. The driver has not received any packets from the server.
	at sun.reflect.NativeConstructorAccessorImpl.newInstance0(Native Method)
	at sun.reflect.NativeConstructorAccessorImpl.newInstance(NativeConstructorAccessorImpl.java:62)
	at sun.reflect.DelegatingConstructorAccessorImpl.newInstance(DelegatingConstructorAccessorImpl.java:45)
	at java.lang.reflect.Constructor.newInstance(Constructor.java:423)
	at com.mysql.jdbc.Util.handleNewInstance(Util.java:406)
	at com.mysql.jdbc.SQLError.createCommunicationsException(SQLError.java:1074)
	at com.mysql.jdbc.MysqlIO.&lt;init&gt;(MysqlIO.java:343)
	at com.mysql.jdbc.ConnectionImpl.createNewIO(ConnectionImpl.java:2132)
	... 52 more
Caused by: java.net.ConnectException: Connection refused (Connection refused)
	at java.net.PlainSocketImpl.socketConnect(Native Method)
	at java.net.AbstractPlainSocketImpl.doConnect(AbstractPlainSocketImpl.java:350)
	at java.net.AbstractPlainSocketImpl.connectToAddress(AbstractPlainSocketImpl.java:206)
	at java.net.AbstractPlainSocketImpl.connect(AbstractPlainSocketImpl.java:188)
	at java.net.SocksSocketImpl.connect(SocksSocketImpl.java:392)
	at java.net.Socket.connect(Socket.java:589)
	at java.net.Socket.connect(Socket.java:538)
	at java.net.Socket.&lt;init&gt;(Socket.java:434)
	at java.net.Socket.&lt;init&gt;(Socket.java:244)
	at com.mysql.jdbc.StandardSocketFactory.connect(StandardSocketFactory.java:253)
	at com.mysql.jdbc.MysqlIO.&lt;init&gt;(MysqlIO.java:292)
	... 53 more
</error>
    <system-out>2017-12-19 18:14:56,992 INFO [org.springframework.context.support.ClassPathXmlApplicationContext] - &lt;Refreshing org.springframework.context.support.ClassPathXmlApplicationContext@35bbe5e8: startup date [Tue Dec 19 18:14:56 CET 2017]; root of context hierarchy&gt;
2017-12-19 18:14:57,054 INFO [org.springframework.beans.factory.xml.XmlBeanDefinitionReader] - &lt;Loading XML bean definitions from URL [file:/Users/faragojanos/Documents/workspace/spring/payment/payment-dao/target/classes/app-context.xml]&gt;
2017-12-19 18:14:57,240 INFO [org.springframework.beans.factory.support.DefaultListableBeanFactory] - &lt;Pre-instantiating singletons in org.springframework.beans.factory.support.DefaultListableBeanFactory@10bbd20a: defining beans [dataSource,hibernate3AnnotatedSessionFactory,paymentTypeDao,partnersDao,transactionDao]; root of factory hierarchy&gt;
2017-12-19 18:14:57,309 INFO [org.springframework.jdbc.datasource.DriverManagerDataSource] - &lt;Loaded JDBC driver: com.mysql.jdbc.Driver&gt;
2017-12-19 18:14:57,380 INFO [org.hibernate.cfg.annotations.Version] - &lt;Hibernate Annotations 3.2.0.GA&gt;
2017-12-19 18:14:57,390 INFO [org.hibernate.cfg.Environment] - &lt;Hibernate 3.2.0&gt;
2017-12-19 18:14:57,392 INFO [org.hibernate.cfg.Environment] - &lt;hibernate.properties not found&gt;
2017-12-19 18:14:57,394 INFO [org.hibernate.cfg.Environment] - &lt;Bytecode provider name : cglib&gt;
2017-12-19 18:14:57,396 INFO [org.hibernate.cfg.Environment] - &lt;using JDK 1.4 java.sql.Timestamp handling&gt;
2017-12-19 18:14:57,531 INFO [org.hibernate.cfg.AnnotationBinder] - &lt;Binding entity from annotated class: hu.ppke.itk.model.Partners&gt;
2017-12-19 18:14:57,537 INFO [org.hibernate.cfg.annotations.QueryBinder] - &lt;Binding named query: findAllPartners =&gt; FROM Partners pt&gt;
2017-12-19 18:14:57,537 INFO [org.hibernate.cfg.annotations.QueryBinder] - &lt;Binding named query: findPartnerById =&gt; FROM Partners pt WHERE pt.id = :id&gt;
2017-12-19 18:14:57,557 INFO [org.hibernate.cfg.annotations.EntityBinder] - &lt;Bind entity hu.ppke.itk.model.Partners on table BB_PARTNERS&gt;
2017-12-19 18:14:57,579 INFO [org.hibernate.cfg.AnnotationBinder] - &lt;Binding entity from annotated class: hu.ppke.itk.model.PaymentType&gt;
2017-12-19 18:14:57,579 INFO [org.hibernate.cfg.annotations.QueryBinder] - &lt;Binding named query: findAllPaymentTypes =&gt; FROM PaymentType pt&gt;
2017-12-19 18:14:57,579 INFO [org.hibernate.cfg.annotations.QueryBinder] - &lt;Binding named query: findPaymentTypeById =&gt; FROM PaymentType pt WHERE pt.id = :id&gt;
2017-12-19 18:14:57,579 INFO [org.hibernate.cfg.annotations.EntityBinder] - &lt;Bind entity hu.ppke.itk.model.PaymentType on table BB_PAYMENT_TYPE&gt;
2017-12-19 18:14:57,584 INFO [org.hibernate.cfg.AnnotationBinder] - &lt;Binding entity from annotated class: hu.ppke.itk.model.Transactions&gt;
2017-12-19 18:14:57,584 INFO [org.hibernate.cfg.annotations.QueryBinder] - &lt;Binding named query: findAllTransactions =&gt; FROM Transactions pt&gt;
2017-12-19 18:14:57,584 INFO [org.hibernate.cfg.annotations.QueryBinder] - &lt;Binding named query: findTransactionById =&gt; FROM Transactions pt WHERE pt.id = :id&gt;
2017-12-19 18:14:57,585 INFO [org.hibernate.cfg.annotations.QueryBinder] - &lt;Binding named query: findTransactionByDate =&gt; FROM Transactions pt WHERE pt.transferDate = :transferDate&gt;
2017-12-19 18:14:57,585 INFO [org.hibernate.cfg.annotations.QueryBinder] - &lt;Binding named query: findTransactionByType =&gt; FROM Transactions pt WHERE pt.paymentType = :paymentType&gt;
2017-12-19 18:14:57,586 INFO [org.hibernate.cfg.annotations.EntityBinder] - &lt;Bind entity hu.ppke.itk.model.Transactions on table BB_TRANSACTIONS&gt;
2017-12-19 18:14:57,684 INFO [org.springframework.orm.hibernate3.annotation.AnnotationSessionFactoryBean] - &lt;Building new Hibernate SessionFactory&gt;
2017-12-19 18:14:57,701 INFO [org.hibernate.connection.ConnectionProviderFactory] - &lt;Initializing connection provider: org.springframework.orm.hibernate3.LocalDataSourceConnectionProvider&gt;
2017-12-19 18:14:57,851 WARN [org.hibernate.util.JDBCExceptionReporter] - &lt;SQL Error: 0, SQLState: 08S01&gt;
2017-12-19 18:14:57,851 ERROR [org.hibernate.util.JDBCExceptionReporter] - &lt;Communications link failure

The last packet sent successfully to the server was 0 milliseconds ago. The driver has not received any packets from the server.&gt;
2017-12-19 18:14:57,852 WARN [org.hibernate.cfg.SettingsFactory] - &lt;Could not obtain connection metadata&gt;
com.mysql.jdbc.exceptions.jdbc4.CommunicationsException: Communications link failure

The last packet sent successfully to the server was 0 milliseconds ago. The driver has not received any packets from the server.
	at sun.reflect.NativeConstructorAccessorImpl.newInstance0(Native Method)
	at sun.reflect.NativeConstructorAccessorImpl.newInstance(NativeConstructorAccessorImpl.java:62)
	at sun.reflect.DelegatingConstructorAccessorImpl.newInstance(DelegatingConstructorAccessorImpl.java:45)
	at java.lang.reflect.Constructor.newInstance(Constructor.java:423)
	at com.mysql.jdbc.Util.handleNewInstance(Util.java:406)
	at com.mysql.jdbc.SQLError.createCommunicationsException(SQLError.java:1074)
	at com.mysql.jdbc.ConnectionImpl.createNewIO(ConnectionImpl.java:2209)
	at com.mysql.jdbc.ConnectionImpl.&lt;init&gt;(ConnectionImpl.java:776)
	at com.mysql.jdbc.JDBC4Connection.&lt;init&gt;(JDBC4Connection.java:46)
	at sun.reflect.NativeConstructorAccessorImpl.newInstance0(Native Method)
	at sun.reflect.NativeConstructorAccessorImpl.newInstance(NativeConstructorAccessorImpl.java:62)
	at sun.reflect.DelegatingConstructorAccessorImpl.newInstance(DelegatingConstructorAccessorImpl.java:45)
	at java.lang.reflect.Constructor.newInstance(Constructor.java:423)
	at com.mysql.jdbc.Util.handleNewInstance(Util.java:406)
	at com.mysql.jdbc.ConnectionImpl.getInstance(ConnectionImpl.java:352)
	at com.mysql.jdbc.NonRegisteringDriver.connect(NonRegisteringDriver.java:284)
	at java.sql.DriverManager.getConnection(DriverManager.java:664)
	at java.sql.DriverManager.getConnection(DriverManager.java:208)
	at org.springframework.jdbc.datasource.DriverManagerDataSource.getConnectionFromDriverManager(DriverManagerDataSource.java:153)
	at org.springframework.jdbc.datasource.DriverManagerDataSource.getConnectionFromDriver(DriverManagerDataSource.java:144)
	at org.springframework.jdbc.datasource.AbstractDriverBasedDataSource.getConnectionFromDriver(AbstractDriverBasedDataSource.java:155)
	at org.springframework.jdbc.datasource.AbstractDriverBasedDataSource.getConnection(AbstractDriverBasedDataSource.java:120)
	at org.springframework.orm.hibernate3.LocalDataSourceConnectionProvider.getConnection(LocalDataSourceConnectionProvider.java:83)
	at org.hibernate.cfg.SettingsFactory.buildSettings(SettingsFactory.java:76)
	at org.hibernate.cfg.Configuration.buildSettings(Configuration.java:1933)
	at org.hibernate.cfg.Configuration.buildSessionFactory(Configuration.java:1216)
	at org.springframework.orm.hibernate3.LocalSessionFactoryBean.newSessionFactory(LocalSessionFactoryBean.java:863)
	at org.springframework.orm.hibernate3.LocalSessionFactoryBean.buildSessionFactory(LocalSessionFactoryBean.java:782)
	at org.springframework.orm.hibernate3.AbstractSessionFactoryBean.afterPropertiesSet(AbstractSessionFactoryBean.java:188)
	at org.springframework.beans.factory.support.AbstractAutowireCapableBeanFactory.invokeInitMethods(AbstractAutowireCapableBeanFactory.java:1545)
	at org.springframework.beans.factory.support.AbstractAutowireCapableBeanFactory.initializeBean(AbstractAutowireCapableBeanFactory.java:1483)
	at org.springframework.beans.factory.support.AbstractAutowireCapableBeanFactory.doCreateBean(AbstractAutowireCapableBeanFactory.java:524)
	at org.springframework.beans.factory.support.AbstractAutowireCapableBeanFactory.createBean(AbstractAutowireCapableBeanFactory.java:461)
	at org.springframework.beans.factory.support.AbstractBeanFactory$1.getObject(AbstractBeanFactory.java:295)
	at org.springframework.beans.factory.support.DefaultSingletonBeanRegistry.getSingleton(DefaultSingletonBeanRegistry.java:223)
	at org.springframework.beans.factory.support.AbstractBeanFactory.doGetBean(AbstractBeanFactory.java:292)
	at org.springframework.beans.factory.support.AbstractBeanFactory.getBean(AbstractBeanFactory.java:194)
	at org.springframework.beans.factory.support.DefaultListableBeanFactory.preInstantiateSingletons(DefaultListableBeanFactory.java:589)
	at org.springframework.context.support.AbstractApplicationContext.finishBeanFactoryInitialization(AbstractApplicationContext.java:932)
	at org.springframework.context.support.AbstractApplicationContext.refresh(AbstractApplicationContext.java:479)
	at org.springframework.context.support.ClassPathXmlApplicationContext.&lt;init&gt;(ClassPathXmlApplicationContext.java:139)
	at org.springframework.context.support.ClassPathXmlApplicationContext.&lt;init&gt;(ClassPathXmlApplicationContext.java:83)
	at hu.ppke.itk.dao.DataManager.&lt;init&gt;(DataManager.java:27)
	at hu.ppke.itk.dao.DataManager.getInstance(DataManager.java:20)
	at hu.ppke.itk.TestDataManager.test(TestDataManager.java:25)
	at sun.reflect.NativeMethodAccessorImpl.invoke0(Native Method)
	at sun.reflect.NativeMethodAccessorImpl.invoke(NativeMethodAccessorImpl.java:62)
	at sun.reflect.DelegatingMethodAccessorImpl.invoke(DelegatingMethodAccessorImpl.java:43)
	at java.lang.reflect.Method.invoke(Method.java:498)
	at org.junit.runners.model.FrameworkMethod$1.runReflectiveCall(FrameworkMethod.java:44)
	at org.junit.internal.runners.model.ReflectiveCallable.run(ReflectiveCallable.java:15)
	at org.junit.runners.model.FrameworkMethod.invokeExplosively(FrameworkMethod.java:41)
	at org.junit.internal.runners.statements.InvokeMethod.evaluate(InvokeMethod.java:20)
	at org.junit.runners.BlockJUnit4ClassRunner.runChild(BlockJUnit4ClassRunner.java:76)
	at org.junit.runners.BlockJUnit4ClassRunner.runChild(BlockJUnit4ClassRunner.java:50)
	at org.junit.runners.ParentRunner$3.run(ParentRunner.java:193)
	at org.junit.runners.ParentRunner$1.schedule(ParentRunner.java:52)
	at org.junit.runners.ParentRunner.runChildren(ParentRunner.java:191)
	at org.junit.runners.ParentRunner.access$000(ParentRunner.java:42)
	at org.junit.runners.ParentRunner$2.evaluate(ParentRunner.java:184)
	at org.junit.runners.ParentRunner.run(ParentRunner.java:236)
	at org.apache.maven.surefire.junit4.JUnit4Provider.execute(JUnit4Provider.java:252)
	at org.apache.maven.surefire.junit4.JUnit4Provider.executeTestSet(JUnit4Provider.java:141)
	at org.apache.maven.surefire.junit4.JUnit4Provider.invoke(JUnit4Provider.java:112)
	at sun.reflect.NativeMethodAccessorImpl.invoke0(Native Method)
	at sun.reflect.NativeMethodAccessorImpl.invoke(NativeMethodAccessorImpl.java:62)
	at sun.reflect.DelegatingMethodAccessorImpl.invoke(DelegatingMethodAccessorImpl.java:43)
	at java.lang.reflect.Method.invoke(Method.java:498)
	at org.apache.maven.surefire.util.ReflectionUtils.invokeMethodWithArray(ReflectionUtils.java:189)
	at org.apache.maven.surefire.booter.ProviderFactory$ProviderProxy.invoke(ProviderFactory.java:165)
	at org.apache.maven.surefire.booter.ProviderFactory.invokeProvider(ProviderFactory.java:85)
	at org.apache.maven.surefire.booter.ForkedBooter.runSuitesInProcess(ForkedBooter.java:115)
	at org.apache.maven.surefire.booter.ForkedBooter.main(ForkedBooter.java:75)
Caused by: com.mysql.jdbc.exceptions.jdbc4.CommunicationsException: Communications link failure

The last packet sent successfully to the server was 0 milliseconds ago. The driver has not received any packets from the server.
	at sun.reflect.NativeConstructorAccessorImpl.newInstance0(Native Method)
	at sun.reflect.NativeConstructorAccessorImpl.newInstance(NativeConstructorAccessorImpl.java:62)
	at sun.reflect.DelegatingConstructorAccessorImpl.newInstance(DelegatingConstructorAccessorImpl.java:45)
	at java.lang.reflect.Constructor.newInstance(Constructor.java:423)
	at com.mysql.jdbc.Util.handleNewInstance(Util.java:406)
	at com.mysql.jdbc.SQLError.createCommunicationsException(SQLError.java:1074)
	at com.mysql.jdbc.MysqlIO.&lt;init&gt;(MysqlIO.java:343)
	at com.mysql.jdbc.ConnectionImpl.createNewIO(ConnectionImpl.java:2132)
	... 66 more
Caused by: java.net.ConnectException: Connection refused (Connection refused)
	at java.net.PlainSocketImpl.socketConnect(Native Method)
	at java.net.AbstractPlainSocketImpl.doConnect(AbstractPlainSocketImpl.java:350)
	at java.net.AbstractPlainSocketImpl.connectToAddress(AbstractPlainSocketImpl.java:206)
	at java.net.AbstractPlainSocketImpl.connect(AbstractPlainSocketImpl.java:188)
	at java.net.SocksSocketImpl.connect(SocksSocketImpl.java:392)
	at java.net.Socket.connect(Socket.java:589)
	at java.net.Socket.connect(Socket.java:538)
	at java.net.Socket.&lt;init&gt;(Socket.java:434)
	at java.net.Socket.&lt;init&gt;(Socket.java:244)
	at com.mysql.jdbc.StandardSocketFactory.connect(StandardSocketFactory.java:253)
	at com.mysql.jdbc.MysqlIO.&lt;init&gt;(MysqlIO.java:292)
	... 67 more
2017-12-19 18:14:57,870 INFO [org.hibernate.dialect.Dialect] - &lt;Using dialect: org.hibernate.dialect.MySQLDialect&gt;
2017-12-19 18:14:57,873 INFO [org.hibernate.transaction.TransactionFactoryFactory] - &lt;Transaction strategy: org.springframework.orm.hibernate3.SpringTransactionFactory&gt;
2017-12-19 18:14:57,873 INFO [org.hibernate.transaction.TransactionManagerLookupFactory] - &lt;No TransactionManagerLookup configured (in JTA environment, use of read-write or transactional second-level cache is not recommended)&gt;
2017-12-19 18:14:57,874 INFO [org.hibernate.cfg.SettingsFactory] - &lt;Automatic flush during beforeCompletion(): disabled&gt;
2017-12-19 18:14:57,874 INFO [org.hibernate.cfg.SettingsFactory] - &lt;Automatic session close at end of transaction: disabled&gt;
2017-12-19 18:14:57,874 INFO [org.hibernate.cfg.SettingsFactory] - &lt;Scrollable result sets: disabled&gt;
2017-12-19 18:14:57,874 INFO [org.hibernate.cfg.SettingsFactory] - &lt;JDBC3 getGeneratedKeys(): disabled&gt;
2017-12-19 18:14:57,875 INFO [org.hibernate.cfg.SettingsFactory] - &lt;Connection release mode: auto&gt;
2017-12-19 18:14:57,875 INFO [org.hibernate.cfg.SettingsFactory] - &lt;Maximum outer join fetch depth: 2&gt;
2017-12-19 18:14:57,875 INFO [org.hibernate.cfg.SettingsFactory] - &lt;Default batch fetch size: 1&gt;
2017-12-19 18:14:57,875 INFO [org.hibernate.cfg.SettingsFactory] - &lt;Generate SQL with comments: disabled&gt;
2017-12-19 18:14:57,876 INFO [org.hibernate.cfg.SettingsFactory] - &lt;Order SQL updates by primary key: disabled&gt;
2017-12-19 18:14:57,876 INFO [org.hibernate.cfg.SettingsFactory] - &lt;Query translator: org.hibernate.hql.ast.ASTQueryTranslatorFactory&gt;
2017-12-19 18:14:57,877 INFO [org.hibernate.hql.ast.ASTQueryTranslatorFactory] - &lt;Using ASTQueryTranslatorFactory&gt;
2017-12-19 18:14:57,877 INFO [org.hibernate.cfg.SettingsFactory] - &lt;Query language substitutions: {}&gt;
2017-12-19 18:14:57,877 INFO [org.hibernate.cfg.SettingsFactory] - &lt;JPA-QL strict compliance: disabled&gt;
2017-12-19 18:14:57,877 INFO [org.hibernate.cfg.SettingsFactory] - &lt;Second-level cache: enabled&gt;
2017-12-19 18:14:57,878 INFO [org.hibernate.cfg.SettingsFactory] - &lt;Query cache: disabled&gt;
2017-12-19 18:14:57,878 INFO [org.hibernate.cfg.SettingsFactory] - &lt;Cache provider: org.hibernate.cache.NoCacheProvider&gt;
2017-12-19 18:14:57,878 INFO [org.hibernate.cfg.SettingsFactory] - &lt;Optimize cache for minimal puts: disabled&gt;
2017-12-19 18:14:57,878 INFO [org.hibernate.cfg.SettingsFactory] - &lt;Structured second-level cache entries: disabled&gt;
2017-12-19 18:14:57,881 INFO [org.hibernate.cfg.SettingsFactory] - &lt;Statistics: disabled&gt;
2017-12-19 18:14:57,881 INFO [org.hibernate.cfg.SettingsFactory] - &lt;Deleted entity synthetic identifier rollback: disabled&gt;
2017-12-19 18:14:57,882 INFO [org.hibernate.cfg.SettingsFactory] - &lt;Default entity-mode: pojo&gt;
2017-12-19 18:14:57,904 INFO [org.hibernate.impl.SessionFactoryImpl] - &lt;building session factory&gt;
2017-12-19 18:14:58,158 INFO [org.hibernate.impl.SessionFactoryObjectFactory] - &lt;Not binding factory to JNDI, no JNDI name configured&gt;
2017-12-19 18:14:58,307 WARN [org.hibernate.util.JDBCExceptionReporter] - &lt;SQL Error: 0, SQLState: 08S01&gt;
2017-12-19 18:14:58,307 ERROR [org.hibernate.util.JDBCExceptionReporter] - &lt;Communications link failure

The last packet sent successfully to the server was 0 milliseconds ago. The driver has not received any packets from the server.&gt;
2017-12-19 18:14:58,308 WARN [org.hibernate.util.JDBCExceptionReporter] - &lt;SQL Error: 0, SQLState: 08S01&gt;
2017-12-19 18:14:58,308 ERROR [org.hibernate.util.JDBCExceptionReporter] - &lt;Communications link failure

The last packet sent successfully to the server was 0 milliseconds ago. The driver has not received any packets from the server.&gt;
</system-out>
  </testcase>
</testsuite>